<?xml version="1.0" encoding="UTF-8"?>
<!-- Generated by org.testng.reporters.JUnitXMLReporter -->
<testsuite ignored="0" hostname="GhOsT-Machine" failures="0" tests="9" name="ChromeTest" time="83.548" errors="0" timestamp="2024-05-16T16:30:41 IST">
  <testcase classname="testCase.ServiceTest" name="login" time="18.301"/>
  <testcase classname="testCase.ServiceTest" name="cases" time="9.428"/>
  <testcase classname="testCase.ServiceTest" name="casedetails" time="10.403"/>
  <testcase classname="testCase.ServiceTest" name="cloneCase" time="8.791"/>
  <testcase classname="testCase.ServiceTest" name="checkclone" time="0.117"/>
  <testcase classname="testCase.ServiceTest" name="Escalate" time="5.122"/>
  <testcase classname="testCase.ServiceTest" name="checkStatus" time="0.06"/>
  <testcase classname="testCase.ServiceTest" name="email" time="23.538"/>
  <testcase classname="testCase.ServiceTest" name="SLA" time="3.221"/>
</testsuite> <!-- ChromeTest -->
