<?xml version="1.0" encoding="UTF-8"?>
<testng-results ignored="0" total="9" passed="9" failed="0" skipped="0">
  <reporter-output>
  </reporter-output>
  <suite started-at="2024-05-14T01:36:09 IST" name="Suite" finished-at="2024-05-14T01:37:24 IST" duration-ms="75456">
    <groups>
    </groups>
    <test started-at="2024-05-14T01:36:09 IST" name="ChromeTest" finished-at="2024-05-14T01:37:24 IST" duration-ms="75456">
      <class name="testCase.ServiceTest">
        <test-method is-config="true" signature="setup(java.lang.String,java.lang.String)[pri:0, instance:testCase.ServiceTest@1b2c4efb]" started-at="2024-05-14T01:36:09 IST" name="setup" finished-at="2024-05-14T01:36:13 IST" duration-ms="4061" status="PASS">
          <params>
            <param index="0">
              <value>
                <![CDATA[chrome]]>
              </value>
            </param>
            <param index="1">
              <value>
                <![CDATA[Windows]]>
              </value>
            </param>
          </params>
          <reporter-output>
          </reporter-output>
        </test-method> <!-- setup -->
        <test-method signature="login()[pri:1, instance:testCase.ServiceTest@1b2c4efb]" started-at="2024-05-14T01:36:13 IST" name="login" finished-at="2024-05-14T01:36:24 IST" duration-ms="10981" status="PASS">
          <reporter-output>
          </reporter-output>
        </test-method> <!-- login -->
        <test-method signature="cases()[pri:2, instance:testCase.ServiceTest@1b2c4efb]" started-at="2024-05-14T01:36:24 IST" name="cases" finished-at="2024-05-14T01:36:31 IST" duration-ms="6898" status="PASS">
          <reporter-output>
          </reporter-output>
        </test-method> <!-- cases -->
        <test-method signature="casedetails()[pri:3, instance:testCase.ServiceTest@1b2c4efb]" started-at="2024-05-14T01:36:31 IST" name="casedetails" finished-at="2024-05-14T01:36:41 IST" duration-ms="9846" status="PASS">
          <reporter-output>
          </reporter-output>
        </test-method> <!-- casedetails -->
        <test-method signature="cloneCase()[pri:4, instance:testCase.ServiceTest@1b2c4efb]" started-at="2024-05-14T01:36:41 IST" name="cloneCase" finished-at="2024-05-14T01:36:44 IST" duration-ms="2737" status="PASS">
          <reporter-output>
          </reporter-output>
        </test-method> <!-- cloneCase -->
        <test-method signature="checkclone()[pri:5, instance:testCase.ServiceTest@1b2c4efb]" started-at="2024-05-14T01:36:44 IST" name="checkclone" finished-at="2024-05-14T01:36:44 IST" duration-ms="94" status="PASS">
          <reporter-output>
          </reporter-output>
        </test-method> <!-- checkclone -->
        <test-method signature="Escalate()[pri:6, instance:testCase.ServiceTest@1b2c4efb]" started-at="2024-05-14T01:36:44 IST" name="Escalate" finished-at="2024-05-14T01:36:48 IST" duration-ms="4713" status="PASS">
          <reporter-output>
          </reporter-output>
        </test-method> <!-- Escalate -->
        <test-method signature="checkStatus()[pri:7, instance:testCase.ServiceTest@1b2c4efb]" started-at="2024-05-14T01:36:48 IST" name="checkStatus" finished-at="2024-05-14T01:36:49 IST" duration-ms="39" status="PASS">
          <reporter-output>
          </reporter-output>
        </test-method> <!-- checkStatus -->
        <test-method signature="email()[pri:8, instance:testCase.ServiceTest@1b2c4efb]" started-at="2024-05-14T01:36:49 IST" name="email" finished-at="2024-05-14T01:37:23 IST" duration-ms="34131" status="PASS">
          <reporter-output>
          </reporter-output>
        </test-method> <!-- email -->
        <test-method signature="SLA()[pri:9, instance:testCase.ServiceTest@1b2c4efb]" started-at="2024-05-14T01:37:23 IST" name="SLA" finished-at="2024-05-14T01:37:24 IST" duration-ms="1549" status="PASS">
          <reporter-output>
          </reporter-output>
        </test-method> <!-- SLA -->
      </class> <!-- testCase.ServiceTest -->
    </test> <!-- ChromeTest -->
  </suite> <!-- Suite -->
</testng-results>
